2025-04-11 20:51:52.733  INFO 1 --- [main] tn.esprit.rh.achat.AchatApplication      : Starting AchatApplication v1.0 using Java 17-ea on fbe1e3240a11 with PID 1 (/achat.jar started by root in /)
2025-04-11 20:51:52.765 DEBUG 1 --- [main] tn.esprit.rh.achat.AchatApplication      : Running with Spring Boot v2.5.3, Spring v5.3.9
2025-04-11 20:51:52.767  INFO 1 --- [main] tn.esprit.rh.achat.AchatApplication      : No active profile set, falling back to default profiles: default
2025-04-11 20:51:58.298  INFO 1 --- [main] .s.d.r.c.RepositoryConfigurationDelegate : Bootstrapping Spring Data JPA repositories in DEFAULT mode.
2025-04-11 20:51:58.759  INFO 1 --- [main] .s.d.r.c.RepositoryConfigurationDelegate : Finished Spring Data repository scanning in 380 ms. Found 10 JPA repository interfaces.
2025-04-11 20:52:02.559  INFO 1 --- [main] o.s.b.w.embedded.tomcat.TomcatWebServer  : Tomcat initialized with port(s): 8089 (http)
2025-04-11 20:52:02.580  INFO 1 --- [main] o.apache.catalina.core.StandardService   : Starting service [Tomcat]
2025-04-11 20:52:02.581  INFO 1 --- [main] org.apache.catalina.core.StandardEngine  : Starting Servlet engine: [Apache Tomcat/9.0.50]
2025-04-11 20:52:02.760  INFO 1 --- [main] o.a.c.c.C.[.[localhost].[/SpringMVC]     : Initializing Spring embedded WebApplicationContext
2025-04-11 20:52:02.761  INFO 1 --- [main] w.s.c.ServletWebServerApplicationContext : Root WebApplicationContext: initialization completed in 9664 ms
2025-04-11 20:52:03.702  INFO 1 --- [main] o.hibernate.jpa.internal.util.LogHelper  : HHH000204: Processing PersistenceUnitInfo [name: default]
2025-04-11 20:52:04.044  INFO 1 --- [main] org.hibernate.Version                    : HHH000412: Hibernate ORM core version 5.4.32.Final
2025-04-11 20:52:04.578  INFO 1 --- [main] o.hibernate.annotations.common.Version   : HCANN000001: Hibernate Commons Annotations {5.1.2.Final}
2025-04-11 20:52:05.327  INFO 1 --- [main] com.zaxxer.hikari.HikariDataSource       : HikariPool-1 - Starting...
2025-04-11 20:52:06.761  INFO 1 --- [main] com.zaxxer.hikari.HikariDataSource       : HikariPool-1 - Start completed.
2025-04-11 20:52:06.855  INFO 1 --- [main] org.hibernate.dialect.Dialect            : HHH000400: Using dialect: org.hibernate.dialect.MySQL5InnoDBDialect
2025-04-11 20:52:09.919  INFO 1 --- [main] o.h.e.t.j.p.i.JtaPlatformInitiator       : HHH000490: Using JtaPlatform implementation: [org.hibernate.engine.transaction.jta.platform.internal.NoJtaPlatform]
2025-04-11 20:52:09.941  INFO 1 --- [main] j.LocalContainerEntityManagerFactoryBean : Initialized JPA EntityManagerFactory for persistence unit 'default'
2025-04-11 20:52:13.849  WARN 1 --- [main] JpaBaseConfiguration$JpaWebConfiguration : spring.jpa.open-in-view is enabled by default. Therefore, database queries may be performed during view rendering. Explicitly configure spring.jpa.open-in-view to disable this warning
2025-04-11 20:52:16.084  INFO 1 --- [main] o.s.b.w.embedded.tomcat.TomcatWebServer  : Tomcat started on port(s): 8089 (http) with context path '/SpringMVC'
2025-04-11 20:52:16.393  INFO 1 --- [main] tn.esprit.rh.achat.AchatApplication      : Started AchatApplication in 27.414 seconds (JVM running for 30.972)
2025-04-11 20:52:37.002  INFO 1 --- [http-nio-8089-exec-1] o.a.c.c.C.[.[localhost].[/SpringMVC]     : Initializing Spring DispatcherServlet 'dispatcherServlet'
2025-04-11 20:52:37.004  INFO 1 --- [http-nio-8089-exec-1] o.s.web.servlet.DispatcherServlet        : Initializing Servlet 'dispatcherServlet'
2025-04-11 20:52:37.016  INFO 1 --- [http-nio-8089-exec-1] o.s.web.servlet.DispatcherServlet        : Completed initialization in 11 ms
2025-04-11 20:52:37.332  INFO 1 --- [http-nio-8089-exec-1] t.e.r.achat.services.ProduitServiceImpl  : Fetching all products...
2025-04-11 20:52:37.807 DEBUG 1 --- [http-nio-8089-exec-1] t.e.r.achat.services.ProduitServiceImpl  : Total products retrieved: 3
2025-04-11 20:54:24.868  WARN 1 --- [http-nio-8089-exec-7] t.e.r.achat.services.ProduitServiceImpl  : Deleting product with ID: 14
2025-04-11 20:54:24.954  INFO 1 --- [http-nio-8089-exec-7] t.e.r.achat.services.ProduitServiceImpl  : Product deleted successfully
2025-04-11 20:54:24.977  INFO 1 --- [http-nio-8089-exec-9] t.e.r.achat.services.ProduitServiceImpl  : Fetching all products...
2025-04-11 20:54:24.991 DEBUG 1 --- [http-nio-8089-exec-9] t.e.r.achat.services.ProduitServiceImpl  : Total products retrieved: 2
2025-04-11 20:57:51.365  WARN 1 --- [http-nio-8089-exec-4] t.e.r.achat.services.ProduitServiceImpl  : Deleting product with ID: 12
2025-04-11 20:57:51.390  INFO 1 --- [http-nio-8089-exec-4] t.e.r.achat.services.ProduitServiceImpl  : Product deleted successfully
2025-04-11 20:57:51.411  INFO 1 --- [http-nio-8089-exec-6] t.e.r.achat.services.ProduitServiceImpl  : Fetching all products...
2025-04-11 20:57:51.424 DEBUG 1 --- [http-nio-8089-exec-6] t.e.r.achat.services.ProduitServiceImpl  : Total products retrieved: 1
2025-04-11 20:58:02.988  INFO 1 --- [http-nio-8089-exec-8] t.e.r.achat.services.ProduitServiceImpl  : Adding new product: tn.esprit.rh.achat.entities.Produit@20bfc2c0
2025-04-11 20:58:03.016  INFO 1 --- [http-nio-8089-exec-8] t.e.r.achat.services.ProduitServiceImpl  : Product added successfully with ID: 15
2025-04-11 21:22:46.035  INFO 1 --- [http-nio-8089-exec-3] t.e.r.achat.services.ProduitServiceImpl  : Fetching all products...
2025-04-11 21:22:46.063 DEBUG 1 --- [http-nio-8089-exec-3] t.e.r.achat.services.ProduitServiceImpl  : Total products retrieved: 2
2025-04-11 21:40:53.157  INFO 1 --- [SpringApplicationShutdownHook] j.LocalContainerEntityManagerFactoryBean : Closing JPA EntityManagerFactory for persistence unit 'default'
2025-04-11 21:40:53.181  INFO 1 --- [SpringApplicationShutdownHook] com.zaxxer.hikari.HikariDataSource       : HikariPool-1 - Shutdown initiated...
2025-04-11 21:40:53.206  INFO 1 --- [SpringApplicationShutdownHook] com.zaxxer.hikari.HikariDataSource       : HikariPool-1 - Shutdown completed.
2025-04-11 21:41:13.744  INFO 1 --- [main] tn.esprit.rh.achat.AchatApplication      : Starting AchatApplication v1.0 using Java 17-ea on ee72e149cd19 with PID 1 (/achat.jar started by root in /)
2025-04-11 21:41:13.781 DEBUG 1 --- [main] tn.esprit.rh.achat.AchatApplication      : Running with Spring Boot v2.5.3, Spring v5.3.9
2025-04-11 21:41:13.784  INFO 1 --- [main] tn.esprit.rh.achat.AchatApplication      : No active profile set, falling back to default profiles: default
2025-04-11 21:41:20.749  INFO 1 --- [main] .s.d.r.c.RepositoryConfigurationDelegate : Bootstrapping Spring Data JPA repositories in DEFAULT mode.
2025-04-11 21:41:21.428  INFO 1 --- [main] .s.d.r.c.RepositoryConfigurationDelegate : Finished Spring Data repository scanning in 623 ms. Found 10 JPA repository interfaces.
2025-04-11 21:41:25.893  INFO 1 --- [main] o.s.b.w.embedded.tomcat.TomcatWebServer  : Tomcat initialized with port(s): 8089 (http)
2025-04-11 21:41:25.949  INFO 1 --- [main] o.apache.catalina.core.StandardService   : Starting service [Tomcat]
2025-04-11 21:41:25.950  INFO 1 --- [main] org.apache.catalina.core.StandardEngine  : Starting Servlet engine: [Apache Tomcat/9.0.50]
2025-04-11 21:41:26.274  INFO 1 --- [main] o.a.c.c.C.[.[localhost].[/SpringMVC]     : Initializing Spring embedded WebApplicationContext
2025-04-11 21:41:26.276  INFO 1 --- [main] w.s.c.ServletWebServerApplicationContext : Root WebApplicationContext: initialization completed in 12076 ms
2025-04-11 21:41:27.786  INFO 1 --- [main] o.hibernate.jpa.internal.util.LogHelper  : HHH000204: Processing PersistenceUnitInfo [name: default]
2025-04-11 21:41:28.432  INFO 1 --- [main] org.hibernate.Version                    : HHH000412: Hibernate ORM core version 5.4.32.Final
2025-04-11 21:41:29.521  INFO 1 --- [main] o.hibernate.annotations.common.Version   : HCANN000001: Hibernate Commons Annotations {5.1.2.Final}
2025-04-11 21:41:30.076  INFO 1 --- [main] com.zaxxer.hikari.HikariDataSource       : HikariPool-1 - Starting...
2025-04-11 21:41:32.551  INFO 1 --- [main] com.zaxxer.hikari.HikariDataSource       : HikariPool-1 - Start completed.
2025-04-11 21:41:32.803  INFO 1 --- [main] org.hibernate.dialect.Dialect            : HHH000400: Using dialect: org.hibernate.dialect.MySQL5InnoDBDialect
2025-04-11 21:41:40.949  INFO 1 --- [main] o.h.e.t.j.p.i.JtaPlatformInitiator       : HHH000490: Using JtaPlatform implementation: [org.hibernate.engine.transaction.jta.platform.internal.NoJtaPlatform]
2025-04-11 21:41:41.026  INFO 1 --- [main] j.LocalContainerEntityManagerFactoryBean : Initialized JPA EntityManagerFactory for persistence unit 'default'
2025-04-11 21:41:46.851  WARN 1 --- [main] JpaBaseConfiguration$JpaWebConfiguration : spring.jpa.open-in-view is enabled by default. Therefore, database queries may be performed during view rendering. Explicitly configure spring.jpa.open-in-view to disable this warning
2025-04-11 21:41:49.656  INFO 1 --- [main] o.s.b.w.embedded.tomcat.TomcatWebServer  : Tomcat started on port(s): 8089 (http) with context path '/SpringMVC'
2025-04-11 21:41:50.030  INFO 1 --- [main] tn.esprit.rh.achat.AchatApplication      : Started AchatApplication in 41.667 seconds (JVM running for 45.733)
2025-04-11 21:41:51.549  INFO 1 --- [http-nio-8089-exec-2] o.a.c.c.C.[.[localhost].[/SpringMVC]     : Initializing Spring DispatcherServlet 'dispatcherServlet'
2025-04-11 21:41:51.552  INFO 1 --- [http-nio-8089-exec-2] o.s.web.servlet.DispatcherServlet        : Initializing Servlet 'dispatcherServlet'
2025-04-11 21:41:51.556  INFO 1 --- [http-nio-8089-exec-2] o.s.web.servlet.DispatcherServlet        : Completed initialization in 4 ms
2025-04-11 21:41:51.810  INFO 1 --- [http-nio-8089-exec-2] t.e.r.achat.services.ProduitServiceImpl  : Fetching all products...
2025-04-11 21:41:52.314 DEBUG 1 --- [http-nio-8089-exec-2] t.e.r.achat.services.ProduitServiceImpl  : Total products retrieved: 2
2025-04-11 21:48:38.576  INFO 1 --- [SpringApplicationShutdownHook] j.LocalContainerEntityManagerFactoryBean : Closing JPA EntityManagerFactory for persistence unit 'default'
2025-04-11 21:48:38.580  INFO 1 --- [SpringApplicationShutdownHook] com.zaxxer.hikari.HikariDataSource       : HikariPool-1 - Shutdown initiated...
2025-04-11 21:48:38.599  INFO 1 --- [SpringApplicationShutdownHook] com.zaxxer.hikari.HikariDataSource       : HikariPool-1 - Shutdown completed.
2025-04-11 21:48:50.814  INFO 1 --- [main] tn.esprit.rh.achat.AchatApplication      : Starting AchatApplication v1.0 using Java 17-ea on 3d9fa41285e4 with PID 1 (/achat.jar started by root in /)
2025-04-11 21:48:50.827 DEBUG 1 --- [main] tn.esprit.rh.achat.AchatApplication      : Running with Spring Boot v2.5.3, Spring v5.3.9
2025-04-11 21:48:50.829  INFO 1 --- [main] tn.esprit.rh.achat.AchatApplication      : No active profile set, falling back to default profiles: default
2025-04-11 21:48:55.949  INFO 1 --- [main] .s.d.r.c.RepositoryConfigurationDelegate : Bootstrapping Spring Data JPA repositories in DEFAULT mode.
2025-04-11 21:48:56.329  INFO 1 --- [main] .s.d.r.c.RepositoryConfigurationDelegate : Finished Spring Data repository scanning in 348 ms. Found 10 JPA repository interfaces.
2025-04-11 21:48:59.606  INFO 1 --- [main] o.s.b.w.embedded.tomcat.TomcatWebServer  : Tomcat initialized with port(s): 8089 (http)
2025-04-11 21:48:59.635  INFO 1 --- [main] o.apache.catalina.core.StandardService   : Starting service [Tomcat]
2025-04-11 21:48:59.636  INFO 1 --- [main] org.apache.catalina.core.StandardEngine  : Starting Servlet engine: [Apache Tomcat/9.0.50]
2025-04-11 21:48:59.811  INFO 1 --- [main] o.a.c.c.C.[.[localhost].[/SpringMVC]     : Initializing Spring embedded WebApplicationContext
2025-04-11 21:48:59.811  INFO 1 --- [main] w.s.c.ServletWebServerApplicationContext : Root WebApplicationContext: initialization completed in 8731 ms
2025-04-11 21:49:00.726  INFO 1 --- [main] o.hibernate.jpa.internal.util.LogHelper  : HHH000204: Processing PersistenceUnitInfo [name: default]
2025-04-11 21:49:01.019  INFO 1 --- [main] org.hibernate.Version                    : HHH000412: Hibernate ORM core version 5.4.32.Final
2025-04-11 21:49:01.999  INFO 1 --- [main] o.hibernate.annotations.common.Version   : HCANN000001: Hibernate Commons Annotations {5.1.2.Final}
2025-04-11 21:49:02.864  INFO 1 --- [main] com.zaxxer.hikari.HikariDataSource       : HikariPool-1 - Starting...
2025-04-11 21:49:04.255  INFO 1 --- [main] com.zaxxer.hikari.HikariDataSource       : HikariPool-1 - Start completed.
2025-04-11 21:49:04.340  INFO 1 --- [main] org.hibernate.dialect.Dialect            : HHH000400: Using dialect: org.hibernate.dialect.MySQL5InnoDBDialect
2025-04-11 21:49:08.596  INFO 1 --- [main] o.h.e.t.j.p.i.JtaPlatformInitiator       : HHH000490: Using JtaPlatform implementation: [org.hibernate.engine.transaction.jta.platform.internal.NoJtaPlatform]
2025-04-11 21:49:08.632  INFO 1 --- [main] j.LocalContainerEntityManagerFactoryBean : Initialized JPA EntityManagerFactory for persistence unit 'default'
2025-04-11 21:49:12.860  WARN 1 --- [main] JpaBaseConfiguration$JpaWebConfiguration : spring.jpa.open-in-view is enabled by default. Therefore, database queries may be performed during view rendering. Explicitly configure spring.jpa.open-in-view to disable this warning
2025-04-11 21:49:15.642  INFO 1 --- [main] o.s.b.w.embedded.tomcat.TomcatWebServer  : Tomcat started on port(s): 8089 (http) with context path '/SpringMVC'
2025-04-11 21:49:15.980  INFO 1 --- [main] tn.esprit.rh.achat.AchatApplication      : Started AchatApplication in 27.892 seconds (JVM running for 31.391)
2025-04-11 21:51:00.538  INFO 1 --- [http-nio-8089-exec-1] o.a.c.c.C.[.[localhost].[/SpringMVC]     : Initializing Spring DispatcherServlet 'dispatcherServlet'
2025-04-11 21:51:00.539  INFO 1 --- [http-nio-8089-exec-1] o.s.web.servlet.DispatcherServlet        : Initializing Servlet 'dispatcherServlet'
2025-04-11 21:51:00.546  INFO 1 --- [http-nio-8089-exec-1] o.s.web.servlet.DispatcherServlet        : Completed initialization in 7 ms
2025-04-11 21:51:00.678  INFO 1 --- [http-nio-8089-exec-1] t.e.r.achat.services.ProduitServiceImpl  : Fetching all products...
2025-04-11 21:51:01.020 DEBUG 1 --- [http-nio-8089-exec-1] t.e.r.achat.services.ProduitServiceImpl  : Total products retrieved: 2
2025-04-11 21:51:10.724  INFO 1 --- [http-nio-8089-exec-5] t.e.r.achat.services.ProduitServiceImpl  : Adding new product: tn.esprit.rh.achat.entities.Produit@104c6a45
2025-04-11 21:51:10.794  INFO 1 --- [http-nio-8089-exec-5] t.e.r.achat.services.ProduitServiceImpl  : Product added successfully with ID: 15
2025-04-11 21:51:10.898  INFO 1 --- [http-nio-8089-exec-7] t.e.r.achat.services.ProduitServiceImpl  : Fetching all products...
2025-04-11 21:51:10.911 DEBUG 1 --- [http-nio-8089-exec-7] t.e.r.achat.services.ProduitServiceImpl  : Total products retrieved: 2
2025-04-11 22:17:14.820  INFO 1 --- [http-nio-8089-exec-2] t.e.r.achat.services.ProduitServiceImpl  : Adding new product: tn.esprit.rh.achat.entities.Produit@6ac53b75
2025-04-11 22:17:14.891  INFO 1 --- [http-nio-8089-exec-2] t.e.r.achat.services.ProduitServiceImpl  : Product added successfully with ID: 16
2025-04-11 22:17:14.950  INFO 1 --- [http-nio-8089-exec-3] t.e.r.achat.services.ProduitServiceImpl  : Fetching all products...
2025-04-11 22:17:14.977 DEBUG 1 --- [http-nio-8089-exec-3] t.e.r.achat.services.ProduitServiceImpl  : Total products retrieved: 3
2025-04-11 22:20:08.533  INFO 1 --- [SpringApplicationShutdownHook] j.LocalContainerEntityManagerFactoryBean : Closing JPA EntityManagerFactory for persistence unit 'default'
2025-04-11 22:20:08.555  INFO 1 --- [SpringApplicationShutdownHook] com.zaxxer.hikari.HikariDataSource       : HikariPool-1 - Shutdown initiated...
2025-04-11 22:20:08.609  INFO 1 --- [SpringApplicationShutdownHook] com.zaxxer.hikari.HikariDataSource       : HikariPool-1 - Shutdown completed.
2025-04-11 22:20:23.741  INFO 1 --- [main] tn.esprit.rh.achat.AchatApplication      : Starting AchatApplication v1.0 using Java 17-ea on cdbaf7fdccc5 with PID 1 (/achat.jar started by root in /)
2025-04-11 22:20:23.757 DEBUG 1 --- [main] tn.esprit.rh.achat.AchatApplication      : Running with Spring Boot v2.5.3, Spring v5.3.9
2025-04-11 22:20:23.758  INFO 1 --- [main] tn.esprit.rh.achat.AchatApplication      : No active profile set, falling back to default profiles: default
2025-04-11 22:20:31.232  INFO 1 --- [main] .s.d.r.c.RepositoryConfigurationDelegate : Bootstrapping Spring Data JPA repositories in DEFAULT mode.
2025-04-11 22:20:31.792  INFO 1 --- [main] .s.d.r.c.RepositoryConfigurationDelegate : Finished Spring Data repository scanning in 513 ms. Found 10 JPA repository interfaces.
2025-04-11 22:20:36.477  INFO 1 --- [main] o.s.b.w.embedded.tomcat.TomcatWebServer  : Tomcat initialized with port(s): 8089 (http)
2025-04-11 22:20:36.528  INFO 1 --- [main] o.apache.catalina.core.StandardService   : Starting service [Tomcat]
2025-04-11 22:20:36.529  INFO 1 --- [main] org.apache.catalina.core.StandardEngine  : Starting Servlet engine: [Apache Tomcat/9.0.50]
2025-04-11 22:20:36.721  INFO 1 --- [main] o.a.c.c.C.[.[localhost].[/SpringMVC]     : Initializing Spring embedded WebApplicationContext
2025-04-11 22:20:36.723  INFO 1 --- [main] w.s.c.ServletWebServerApplicationContext : Root WebApplicationContext: initialization completed in 12576 ms
2025-04-11 22:20:38.248  INFO 1 --- [main] o.hibernate.jpa.internal.util.LogHelper  : HHH000204: Processing PersistenceUnitInfo [name: default]
2025-04-11 22:20:38.751  INFO 1 --- [main] org.hibernate.Version                    : HHH000412: Hibernate ORM core version 5.4.32.Final
2025-04-11 22:20:39.734  INFO 1 --- [main] o.hibernate.annotations.common.Version   : HCANN000001: Hibernate Commons Annotations {5.1.2.Final}
2025-04-11 22:20:40.834  INFO 1 --- [main] com.zaxxer.hikari.HikariDataSource       : HikariPool-1 - Starting...
2025-04-11 22:20:42.987  INFO 1 --- [main] com.zaxxer.hikari.HikariDataSource       : HikariPool-1 - Start completed.
2025-04-11 22:20:43.195  INFO 1 --- [main] org.hibernate.dialect.Dialect            : HHH000400: Using dialect: org.hibernate.dialect.MySQL5InnoDBDialect
2025-04-11 22:20:49.519  INFO 1 --- [main] o.h.e.t.j.p.i.JtaPlatformInitiator       : HHH000490: Using JtaPlatform implementation: [org.hibernate.engine.transaction.jta.platform.internal.NoJtaPlatform]
2025-04-11 22:20:49.626  INFO 1 --- [main] j.LocalContainerEntityManagerFactoryBean : Initialized JPA EntityManagerFactory for persistence unit 'default'
2025-04-11 22:20:55.738  WARN 1 --- [main] JpaBaseConfiguration$JpaWebConfiguration : spring.jpa.open-in-view is enabled by default. Therefore, database queries may be performed during view rendering. Explicitly configure spring.jpa.open-in-view to disable this warning
2025-04-11 22:20:59.249  INFO 1 --- [main] o.s.b.w.embedded.tomcat.TomcatWebServer  : Tomcat started on port(s): 8089 (http) with context path '/SpringMVC'
2025-04-11 22:20:59.640  INFO 1 --- [main] tn.esprit.rh.achat.AchatApplication      : Started AchatApplication in 39.018 seconds (JVM running for 42.491)
2025-04-11 22:21:00.407  INFO 1 --- [http-nio-8089-exec-3] o.a.c.c.C.[.[localhost].[/SpringMVC]     : Initializing Spring DispatcherServlet 'dispatcherServlet'
2025-04-11 22:21:00.408  INFO 1 --- [http-nio-8089-exec-3] o.s.web.servlet.DispatcherServlet        : Initializing Servlet 'dispatcherServlet'
2025-04-11 22:21:00.417  INFO 1 --- [http-nio-8089-exec-3] o.s.web.servlet.DispatcherServlet        : Completed initialization in 7 ms
2025-04-11 22:21:00.758  INFO 1 --- [http-nio-8089-exec-3] t.e.r.achat.services.ProduitServiceImpl  : Fetching all products...
2025-04-11 22:21:01.482 DEBUG 1 --- [http-nio-8089-exec-3] t.e.r.achat.services.ProduitServiceImpl  : Total products retrieved: 3
2025-04-11 22:21:25.024  INFO 1 --- [http-nio-8089-exec-6] t.e.r.achat.services.ProduitServiceImpl  : Adding new product: tn.esprit.rh.achat.entities.Produit@7f2c723a
2025-04-11 22:21:25.081  INFO 1 --- [http-nio-8089-exec-6] t.e.r.achat.services.ProduitServiceImpl  : Product added successfully with ID: 17
2025-04-11 22:21:25.113  INFO 1 --- [http-nio-8089-exec-8] t.e.r.achat.services.ProduitServiceImpl  : Fetching all products...
2025-04-11 22:21:25.127 DEBUG 1 --- [http-nio-8089-exec-8] t.e.r.achat.services.ProduitServiceImpl  : Total products retrieved: 4
2025-04-11 22:21:47.553  INFO 1 --- [http-nio-8089-exec-1] t.e.r.achat.services.ProduitServiceImpl  : Fetching all products...
2025-04-11 22:21:47.591 DEBUG 1 --- [http-nio-8089-exec-1] t.e.r.achat.services.ProduitServiceImpl  : Total products retrieved: 4
2025-04-11 22:32:00.904  INFO 1 --- [SpringApplicationShutdownHook] j.LocalContainerEntityManagerFactoryBean : Closing JPA EntityManagerFactory for persistence unit 'default'
2025-04-11 22:32:00.925  INFO 1 --- [SpringApplicationShutdownHook] com.zaxxer.hikari.HikariDataSource       : HikariPool-1 - Shutdown initiated...
2025-04-11 22:32:00.959  INFO 1 --- [SpringApplicationShutdownHook] com.zaxxer.hikari.HikariDataSource       : HikariPool-1 - Shutdown completed.
2025-04-11 22:38:06.565  INFO 1 --- [main] tn.esprit.rh.achat.AchatApplication      : Starting AchatApplication v1.0 using Java 17-ea on 7107e23c4973 with PID 1 (/achat.jar started by root in /)
2025-04-11 22:38:06.591 DEBUG 1 --- [main] tn.esprit.rh.achat.AchatApplication      : Running with Spring Boot v2.5.3, Spring v5.3.9
2025-04-11 22:38:06.593  INFO 1 --- [main] tn.esprit.rh.achat.AchatApplication      : No active profile set, falling back to default profiles: default
2025-04-11 22:38:11.624  INFO 1 --- [main] .s.d.r.c.RepositoryConfigurationDelegate : Bootstrapping Spring Data JPA repositories in DEFAULT mode.
2025-04-11 22:38:12.434  INFO 1 --- [main] .s.d.r.c.RepositoryConfigurationDelegate : Finished Spring Data repository scanning in 742 ms. Found 10 JPA repository interfaces.
2025-04-11 22:38:16.837  INFO 1 --- [main] o.s.b.w.embedded.tomcat.TomcatWebServer  : Tomcat initialized with port(s): 8089 (http)
2025-04-11 22:38:16.908  INFO 1 --- [main] o.apache.catalina.core.StandardService   : Starting service [Tomcat]
2025-04-11 22:38:16.910  INFO 1 --- [main] org.apache.catalina.core.StandardEngine  : Starting Servlet engine: [Apache Tomcat/9.0.50]
2025-04-11 22:38:17.440  INFO 1 --- [main] o.a.c.c.C.[.[localhost].[/SpringMVC]     : Initializing Spring embedded WebApplicationContext
2025-04-11 22:38:17.441  INFO 1 --- [main] w.s.c.ServletWebServerApplicationContext : Root WebApplicationContext: initialization completed in 10635 ms
2025-04-11 22:38:19.097  INFO 1 --- [main] o.hibernate.jpa.internal.util.LogHelper  : HHH000204: Processing PersistenceUnitInfo [name: default]
2025-04-11 22:38:19.656  INFO 1 --- [main] org.hibernate.Version                    : HHH000412: Hibernate ORM core version 5.4.32.Final
2025-04-11 22:38:20.786  INFO 1 --- [main] o.hibernate.annotations.common.Version   : HCANN000001: Hibernate Commons Annotations {5.1.2.Final}
2025-04-11 22:38:21.575  INFO 1 --- [main] com.zaxxer.hikari.HikariDataSource       : HikariPool-1 - Starting...
2025-04-11 22:38:23.091  INFO 1 --- [main] com.zaxxer.hikari.HikariDataSource       : HikariPool-1 - Start completed.
2025-04-11 22:38:23.183  INFO 1 --- [main] org.hibernate.dialect.Dialect            : HHH000400: Using dialect: org.hibernate.dialect.MySQL5InnoDBDialect
2025-04-11 22:38:26.783  INFO 1 --- [main] o.h.e.t.j.p.i.JtaPlatformInitiator       : HHH000490: Using JtaPlatform implementation: [org.hibernate.engine.transaction.jta.platform.internal.NoJtaPlatform]
2025-04-11 22:38:26.819  INFO 1 --- [main] j.LocalContainerEntityManagerFactoryBean : Initialized JPA EntityManagerFactory for persistence unit 'default'
2025-04-11 22:38:30.915  WARN 1 --- [main] JpaBaseConfiguration$JpaWebConfiguration : spring.jpa.open-in-view is enabled by default. Therefore, database queries may be performed during view rendering. Explicitly configure spring.jpa.open-in-view to disable this warning
2025-04-11 22:38:33.688  INFO 1 --- [main] o.s.b.w.embedded.tomcat.TomcatWebServer  : Tomcat started on port(s): 8089 (http) with context path '/SpringMVC'
2025-04-11 22:38:33.995  INFO 1 --- [main] tn.esprit.rh.achat.AchatApplication      : Started AchatApplication in 29.771 seconds (JVM running for 32.277)
2025-04-11 22:48:07.038  INFO 1 --- [http-nio-8089-exec-1] o.a.c.c.C.[.[localhost].[/SpringMVC]     : Initializing Spring DispatcherServlet 'dispatcherServlet'
2025-04-11 22:48:07.038  INFO 1 --- [http-nio-8089-exec-1] o.s.web.servlet.DispatcherServlet        : Initializing Servlet 'dispatcherServlet'
2025-04-11 22:48:07.042  INFO 1 --- [http-nio-8089-exec-1] o.s.web.servlet.DispatcherServlet        : Completed initialization in 4 ms
2025-04-11 22:48:07.263  WARN 1 --- [http-nio-8089-exec-2] t.e.r.achat.services.ProduitServiceImpl  : Deleting product with ID: 13
2025-04-11 22:48:07.648  INFO 1 --- [http-nio-8089-exec-2] t.e.r.achat.services.ProduitServiceImpl  : Product deleted successfully
2025-04-11 22:48:07.731  INFO 1 --- [http-nio-8089-exec-4] t.e.r.achat.services.ProduitServiceImpl  : Fetching all products...
2025-04-11 22:48:07.924 DEBUG 1 --- [http-nio-8089-exec-4] t.e.r.achat.services.ProduitServiceImpl  : Total products retrieved: 3
2025-04-11 22:48:09.743  INFO 1 --- [http-nio-8089-exec-8] t.e.r.achat.services.ProduitServiceImpl  : Fetching all products...
2025-04-11 22:48:09.762 DEBUG 1 --- [http-nio-8089-exec-8] t.e.r.achat.services.ProduitServiceImpl  : Total products retrieved: 3
2025-04-11 22:48:15.617  INFO 1 --- [http-nio-8089-exec-1] t.e.r.achat.services.ProduitServiceImpl  : Fetching all products...
2025-04-11 22:48:15.636 DEBUG 1 --- [http-nio-8089-exec-1] t.e.r.achat.services.ProduitServiceImpl  : Total products retrieved: 3
2025-04-11 22:48:58.317  INFO 1 --- [SpringApplicationShutdownHook] j.LocalContainerEntityManagerFactoryBean : Closing JPA EntityManagerFactory for persistence unit 'default'
2025-04-11 22:48:58.323  INFO 1 --- [SpringApplicationShutdownHook] com.zaxxer.hikari.HikariDataSource       : HikariPool-1 - Shutdown initiated...
2025-04-11 22:48:58.341  INFO 1 --- [SpringApplicationShutdownHook] com.zaxxer.hikari.HikariDataSource       : HikariPool-1 - Shutdown completed.
2025-04-11 22:49:13.336  INFO 1 --- [main] tn.esprit.rh.achat.AchatApplication      : Starting AchatApplication v1.0 using Java 17-ea on 4a71ab9395ec with PID 1 (/achat.jar started by root in /)
2025-04-11 22:49:13.348 DEBUG 1 --- [main] tn.esprit.rh.achat.AchatApplication      : Running with Spring Boot v2.5.3, Spring v5.3.9
2025-04-11 22:49:13.349  INFO 1 --- [main] tn.esprit.rh.achat.AchatApplication      : No active profile set, falling back to default profiles: default
2025-04-11 22:49:18.164  INFO 1 --- [main] .s.d.r.c.RepositoryConfigurationDelegate : Bootstrapping Spring Data JPA repositories in DEFAULT mode.
2025-04-11 22:49:18.821  INFO 1 --- [main] .s.d.r.c.RepositoryConfigurationDelegate : Finished Spring Data repository scanning in 614 ms. Found 10 JPA repository interfaces.
2025-04-11 22:49:24.527  INFO 1 --- [main] o.s.b.w.embedded.tomcat.TomcatWebServer  : Tomcat initialized with port(s): 8089 (http)
2025-04-11 22:49:24.584  INFO 1 --- [main] o.apache.catalina.core.StandardService   : Starting service [Tomcat]
2025-04-11 22:49:24.585  INFO 1 --- [main] org.apache.catalina.core.StandardEngine  : Starting Servlet engine: [Apache Tomcat/9.0.50]
2025-04-11 22:49:24.843  INFO 1 --- [main] o.a.c.c.C.[.[localhost].[/SpringMVC]     : Initializing Spring embedded WebApplicationContext
2025-04-11 22:49:24.844  INFO 1 --- [main] w.s.c.ServletWebServerApplicationContext : Root WebApplicationContext: initialization completed in 11222 ms
2025-04-11 22:49:26.159  INFO 1 --- [main] o.hibernate.jpa.internal.util.LogHelper  : HHH000204: Processing PersistenceUnitInfo [name: default]
2025-04-11 22:49:26.510  INFO 1 --- [main] org.hibernate.Version                    : HHH000412: Hibernate ORM core version 5.4.32.Final
2025-04-11 22:49:27.313  INFO 1 --- [main] o.hibernate.annotations.common.Version   : HCANN000001: Hibernate Commons Annotations {5.1.2.Final}
2025-04-11 22:49:28.392  INFO 1 --- [main] com.zaxxer.hikari.HikariDataSource       : HikariPool-1 - Starting...
2025-04-11 22:49:30.225  INFO 1 --- [main] com.zaxxer.hikari.HikariDataSource       : HikariPool-1 - Start completed.
2025-04-11 22:49:30.331  INFO 1 --- [main] org.hibernate.dialect.Dialect            : HHH000400: Using dialect: org.hibernate.dialect.MySQL5InnoDBDialect
2025-04-11 22:49:35.702  INFO 1 --- [main] o.h.e.t.j.p.i.JtaPlatformInitiator       : HHH000490: Using JtaPlatform implementation: [org.hibernate.engine.transaction.jta.platform.internal.NoJtaPlatform]
2025-04-11 22:49:35.755  INFO 1 --- [main] j.LocalContainerEntityManagerFactoryBean : Initialized JPA EntityManagerFactory for persistence unit 'default'
2025-04-11 22:49:41.608  WARN 1 --- [main] JpaBaseConfiguration$JpaWebConfiguration : spring.jpa.open-in-view is enabled by default. Therefore, database queries may be performed during view rendering. Explicitly configure spring.jpa.open-in-view to disable this warning
2025-04-11 22:49:45.386  INFO 1 --- [main] o.s.b.w.embedded.tomcat.TomcatWebServer  : Tomcat started on port(s): 8089 (http) with context path '/SpringMVC'
2025-04-11 22:49:45.731  INFO 1 --- [main] tn.esprit.rh.achat.AchatApplication      : Started AchatApplication in 34.869 seconds (JVM running for 38.453)
