2025/04/11 21:41:05 [notice] 1#1: using the "epoll" event method
2025/04/11 21:41:05 [notice] 1#1: nginx/1.27.4
2025/04/11 21:41:05 [notice] 1#1: built by gcc 14.2.0 (Alpine 14.2.0) 
2025/04/11 21:41:05 [notice] 1#1: OS: Linux 6.8.0-57-generic
2025/04/11 21:41:05 [notice] 1#1: getrlimit(RLIMIT_NOFILE): 1048576:1048576
2025/04/11 21:41:05 [notice] 1#1: start worker processes
2025/04/11 21:41:05 [notice] 1#1: start worker process 30
2025/04/11 21:41:05 [notice] 1#1: start worker process 31
2025/04/11 21:41:05 [notice] 1#1: start worker process 32
2025/04/11 21:41:05 [notice] 1#1: start worker process 33
2025/04/11 21:41:05 [notice] 1#1: start worker process 34
2025/04/11 21:41:05 [notice] 1#1: start worker process 35
2025/04/11 21:41:05 [notice] 1#1: start worker process 36
2025/04/11 21:41:05 [notice] 1#1: start worker process 37
2025/04/11 21:48:38 [notice] 1#1: signal 3 (SIGQUIT) received, shutting down
2025/04/11 21:48:38 [notice] 30#30: gracefully shutting down
2025/04/11 21:48:38 [notice] 34#34: gracefully shutting down
2025/04/11 21:48:38 [notice] 30#30: exiting
2025/04/11 21:48:38 [notice] 34#34: exiting
2025/04/11 21:48:38 [notice] 30#30: exit
2025/04/11 21:48:38 [notice] 34#34: exit
2025/04/11 21:48:38 [notice] 31#31: gracefully shutting down
2025/04/11 21:48:38 [notice] 31#31: exiting
2025/04/11 21:48:38 [notice] 31#31: exit
2025/04/11 21:48:38 [notice] 32#32: gracefully shutting down
2025/04/11 21:48:38 [notice] 33#33: gracefully shutting down
2025/04/11 21:48:38 [notice] 35#35: gracefully shutting down
2025/04/11 21:48:38 [notice] 33#33: exiting
2025/04/11 21:48:38 [notice] 35#35: exiting
2025/04/11 21:48:38 [notice] 33#33: exit
2025/04/11 21:48:38 [notice] 35#35: exit
2025/04/11 21:48:38 [notice] 37#37: gracefully shutting down
2025/04/11 21:48:38 [notice] 37#37: exiting
2025/04/11 21:48:38 [notice] 36#36: gracefully shutting down
2025/04/11 21:48:38 [notice] 36#36: exiting
2025/04/11 21:48:38 [notice] 36#36: exit
2025/04/11 21:48:38 [notice] 32#32: exiting
2025/04/11 21:48:38 [notice] 32#32: exit
2025/04/11 21:48:38 [notice] 37#37: exit
2025/04/11 21:48:38 [notice] 1#1: signal 17 (SIGCHLD) received from 30
2025/04/11 21:48:38 [notice] 1#1: worker process 30 exited with code 0
2025/04/11 21:48:38 [notice] 1#1: worker process 31 exited with code 0
2025/04/11 21:48:38 [notice] 1#1: signal 29 (SIGIO) received
2025/04/11 21:48:38 [notice] 1#1: signal 17 (SIGCHLD) received from 34
2025/04/11 21:48:38 [notice] 1#1: worker process 33 exited with code 0
2025/04/11 21:48:38 [notice] 1#1: worker process 34 exited with code 0
2025/04/11 21:48:38 [notice] 1#1: worker process 35 exited with code 0
2025/04/11 21:48:38 [notice] 1#1: worker process 36 exited with code 0
2025/04/11 21:48:38 [notice] 1#1: signal 29 (SIGIO) received
2025/04/11 21:48:38 [notice] 1#1: signal 17 (SIGCHLD) received from 35
2025/04/11 21:48:38 [notice] 1#1: worker process 32 exited with code 0
2025/04/11 21:48:38 [notice] 1#1: signal 29 (SIGIO) received
2025/04/11 21:48:38 [notice] 1#1: signal 17 (SIGCHLD) received from 37
2025/04/11 21:48:38 [notice] 1#1: worker process 37 exited with code 0
2025/04/11 21:48:38 [notice] 1#1: exit
2025/04/11 21:48:45 [notice] 1#1: using the "epoll" event method
2025/04/11 21:48:45 [notice] 1#1: nginx/1.27.4
2025/04/11 21:48:45 [notice] 1#1: built by gcc 14.2.0 (Alpine 14.2.0) 
2025/04/11 21:48:45 [notice] 1#1: OS: Linux 6.8.0-57-generic
2025/04/11 21:48:45 [notice] 1#1: getrlimit(RLIMIT_NOFILE): 1048576:1048576
2025/04/11 21:48:45 [notice] 1#1: start worker processes
2025/04/11 21:48:45 [notice] 1#1: start worker process 30
2025/04/11 21:48:45 [notice] 1#1: start worker process 31
2025/04/11 21:48:45 [notice] 1#1: start worker process 32
2025/04/11 21:48:45 [notice] 1#1: start worker process 33
2025/04/11 21:48:45 [notice] 1#1: start worker process 34
2025/04/11 21:48:45 [notice] 1#1: start worker process 35
2025/04/11 21:48:45 [notice] 1#1: start worker process 36
2025/04/11 21:48:45 [notice] 1#1: start worker process 37
2025/04/11 21:49:26 [error] 30#30: *1 open() "/usr/share/nginx/html/product" failed (2: No such file or directory), client: 172.18.0.1, server: localhost, request: "GET /product HTTP/1.1", host: "localhost:8082"
2025/04/11 21:49:27 [error] 30#30: *1 open() "/usr/share/nginx/html/product" failed (2: No such file or directory), client: 172.18.0.1, server: localhost, request: "GET /product HTTP/1.1", host: "localhost:8082"
2025/04/11 21:49:27 [error] 30#30: *1 open() "/usr/share/nginx/html/product" failed (2: No such file or directory), client: 172.18.0.1, server: localhost, request: "GET /product HTTP/1.1", host: "localhost:8082"
2025/04/11 21:49:28 [error] 30#30: *1 open() "/usr/share/nginx/html/product" failed (2: No such file or directory), client: 172.18.0.1, server: localhost, request: "GET /product HTTP/1.1", host: "localhost:8082"
2025/04/11 21:50:57 [error] 32#32: *3 open() "/usr/share/nginx/html/product" failed (2: No such file or directory), client: 172.18.0.1, server: localhost, request: "GET /product HTTP/1.1", host: "localhost:8082"
2025/04/11 22:20:08 [notice] 1#1: signal 3 (SIGQUIT) received, shutting down
2025/04/11 22:20:08 [notice] 31#31: gracefully shutting down
2025/04/11 22:20:08 [notice] 30#30: gracefully shutting down
2025/04/11 22:20:08 [notice] 34#34: gracefully shutting down
2025/04/11 22:20:08 [notice] 32#32: gracefully shutting down
2025/04/11 22:20:08 [notice] 33#33: gracefully shutting down
2025/04/11 22:20:08 [notice] 31#31: exiting
2025/04/11 22:20:08 [notice] 32#32: exiting
2025/04/11 22:20:08 [notice] 34#34: exiting
2025/04/11 22:20:08 [notice] 33#33: exiting
2025/04/11 22:20:08 [notice] 34#34: exit
2025/04/11 22:20:08 [notice] 31#31: exit
2025/04/11 22:20:08 [notice] 32#32: exit
2025/04/11 22:20:08 [notice] 33#33: exit
2025/04/11 22:20:08 [notice] 36#36: gracefully shutting down
2025/04/11 22:20:08 [notice] 36#36: exiting
2025/04/11 22:20:08 [notice] 30#30: exiting
2025/04/11 22:20:08 [notice] 36#36: exit
2025/04/11 22:20:08 [notice] 30#30: exit
2025/04/11 22:20:08 [notice] 37#37: gracefully shutting down
2025/04/11 22:20:08 [notice] 37#37: exiting
2025/04/11 22:20:08 [notice] 35#35: gracefully shutting down
2025/04/11 22:20:08 [notice] 37#37: exit
2025/04/11 22:20:08 [notice] 35#35: exiting
2025/04/11 22:20:08 [notice] 35#35: exit
2025/04/11 22:20:08 [notice] 1#1: signal 17 (SIGCHLD) received from 33
2025/04/11 22:20:08 [notice] 1#1: worker process 33 exited with code 0
2025/04/11 22:20:08 [notice] 1#1: worker process 34 exited with code 0
2025/04/11 22:20:08 [notice] 1#1: signal 29 (SIGIO) received
2025/04/11 22:20:08 [notice] 1#1: signal 17 (SIGCHLD) received from 31
2025/04/11 22:20:08 [notice] 1#1: worker process 31 exited with code 0
2025/04/11 22:20:08 [notice] 1#1: worker process 32 exited with code 0
2025/04/11 22:20:08 [notice] 1#1: signal 29 (SIGIO) received
2025/04/11 22:20:08 [notice] 1#1: signal 17 (SIGCHLD) received from 36
2025/04/11 22:20:08 [notice] 1#1: worker process 36 exited with code 0
2025/04/11 22:20:08 [notice] 1#1: signal 29 (SIGIO) received
2025/04/11 22:20:08 [notice] 1#1: signal 17 (SIGCHLD) received from 30
2025/04/11 22:20:08 [notice] 1#1: worker process 30 exited with code 0
2025/04/11 22:20:08 [notice] 1#1: worker process 37 exited with code 0
2025/04/11 22:20:08 [notice] 1#1: signal 29 (SIGIO) received
2025/04/11 22:20:08 [notice] 1#1: signal 17 (SIGCHLD) received from 35
2025/04/11 22:20:08 [notice] 1#1: worker process 35 exited with code 0
2025/04/11 22:20:08 [notice] 1#1: exit
2025/04/11 22:20:18 [notice] 1#1: using the "epoll" event method
2025/04/11 22:20:18 [notice] 1#1: nginx/1.27.4
2025/04/11 22:20:18 [notice] 1#1: built by gcc 14.2.0 (Alpine 14.2.0) 
2025/04/11 22:20:18 [notice] 1#1: OS: Linux 6.8.0-57-generic
2025/04/11 22:20:18 [notice] 1#1: getrlimit(RLIMIT_NOFILE): 1048576:1048576
2025/04/11 22:20:18 [notice] 1#1: start worker processes
2025/04/11 22:20:18 [notice] 1#1: start worker process 31
2025/04/11 22:20:18 [notice] 1#1: start worker process 32
2025/04/11 22:20:18 [notice] 1#1: start worker process 33
2025/04/11 22:20:18 [notice] 1#1: start worker process 34
2025/04/11 22:20:18 [notice] 1#1: start worker process 35
2025/04/11 22:20:18 [notice] 1#1: start worker process 36
2025/04/11 22:20:18 [notice] 1#1: start worker process 37
2025/04/11 22:20:18 [notice] 1#1: start worker process 38
2025/04/11 22:32:00 [notice] 1#1: signal 3 (SIGQUIT) received, shutting down
2025/04/11 22:32:00 [notice] 31#31: gracefully shutting down
2025/04/11 22:32:00 [notice] 31#31: exiting
2025/04/11 22:32:00 [notice] 32#32: gracefully shutting down
2025/04/11 22:32:00 [notice] 33#33: gracefully shutting down
2025/04/11 22:32:00 [notice] 32#32: exiting
2025/04/11 22:32:00 [notice] 33#33: exiting
2025/04/11 22:32:00 [notice] 35#35: gracefully shutting down
2025/04/11 22:32:00 [notice] 36#36: gracefully shutting down
2025/04/11 22:32:00 [notice] 35#35: exiting
2025/04/11 22:32:00 [notice] 36#36: exiting
2025/04/11 22:32:00 [notice] 31#31: exit
2025/04/11 22:32:00 [notice] 33#33: exit
2025/04/11 22:32:00 [notice] 32#32: exit
2025/04/11 22:32:00 [notice] 35#35: exit
2025/04/11 22:32:00 [notice] 36#36: exit
2025/04/11 22:32:00 [notice] 37#37: gracefully shutting down
2025/04/11 22:32:00 [notice] 37#37: exiting
2025/04/11 22:32:00 [notice] 37#37: exit
2025/04/11 22:32:00 [notice] 38#38: gracefully shutting down
2025/04/11 22:32:00 [notice] 38#38: exiting
2025/04/11 22:32:00 [notice] 38#38: exit
2025/04/11 22:32:00 [notice] 34#34: gracefully shutting down
2025/04/11 22:32:00 [notice] 34#34: exiting
2025/04/11 22:32:00 [notice] 34#34: exit
2025/04/11 22:32:00 [notice] 1#1: signal 17 (SIGCHLD) received from 31
2025/04/11 22:32:00 [notice] 1#1: worker process 31 exited with code 0
2025/04/11 22:32:00 [notice] 1#1: signal 29 (SIGIO) received
2025/04/11 22:32:00 [notice] 1#1: signal 17 (SIGCHLD) received from 36
2025/04/11 22:32:00 [notice] 1#1: worker process 35 exited with code 0
2025/04/11 22:32:00 [notice] 1#1: worker process 36 exited with code 0
2025/04/11 22:32:00 [notice] 1#1: worker process 33 exited with code 0
2025/04/11 22:32:00 [notice] 1#1: worker process 38 exited with code 0
2025/04/11 22:32:00 [notice] 1#1: signal 29 (SIGIO) received
2025/04/11 22:32:00 [notice] 1#1: signal 17 (SIGCHLD) received from 35
2025/04/11 22:32:00 [notice] 1#1: signal 17 (SIGCHLD) received from 32
2025/04/11 22:32:00 [notice] 1#1: worker process 32 exited with code 0
2025/04/11 22:32:00 [notice] 1#1: signal 29 (SIGIO) received
2025/04/11 22:32:00 [notice] 1#1: signal 17 (SIGCHLD) received from 37
2025/04/11 22:32:00 [notice] 1#1: worker process 37 exited with code 0
2025/04/11 22:32:00 [notice] 1#1: signal 29 (SIGIO) received
2025/04/11 22:32:00 [notice] 1#1: signal 17 (SIGCHLD) received from 34
2025/04/11 22:32:00 [notice] 1#1: worker process 34 exited with code 0
2025/04/11 22:32:00 [notice] 1#1: exit
2025/04/11 22:38:02 [notice] 1#1: using the "epoll" event method
2025/04/11 22:38:02 [notice] 1#1: nginx/1.27.4
2025/04/11 22:38:02 [notice] 1#1: built by gcc 14.2.0 (Alpine 14.2.0) 
2025/04/11 22:38:02 [notice] 1#1: OS: Linux 6.8.0-57-generic
2025/04/11 22:38:02 [notice] 1#1: getrlimit(RLIMIT_NOFILE): 1048576:1048576
2025/04/11 22:38:02 [notice] 1#1: start worker processes
2025/04/11 22:38:02 [notice] 1#1: start worker process 30
2025/04/11 22:38:02 [notice] 1#1: start worker process 31
2025/04/11 22:38:02 [notice] 1#1: start worker process 32
2025/04/11 22:38:02 [notice] 1#1: start worker process 33
2025/04/11 22:38:02 [notice] 1#1: start worker process 34
2025/04/11 22:38:02 [notice] 1#1: start worker process 35
2025/04/11 22:38:02 [notice] 1#1: start worker process 36
2025/04/11 22:38:02 [notice] 1#1: start worker process 37
2025/04/11 22:48:12 [error] 30#30: *1 open() "/usr/share/nginx/html/product" failed (2: No such file or directory), client: 172.18.0.1, server: localhost, request: "GET /product HTTP/1.1", host: "localhost:8082"
2025/04/11 22:48:57 [notice] 1#1: signal 3 (SIGQUIT) received, shutting down
2025/04/11 22:48:57 [notice] 30#30: gracefully shutting down
2025/04/11 22:48:57 [notice] 32#32: gracefully shutting down
2025/04/11 22:48:57 [notice] 31#31: gracefully shutting down
2025/04/11 22:48:57 [notice] 35#35: gracefully shutting down
2025/04/11 22:48:57 [notice] 32#32: exiting
2025/04/11 22:48:57 [notice] 35#35: exiting
2025/04/11 22:48:57 [notice] 33#33: gracefully shutting down
2025/04/11 22:48:57 [notice] 31#31: exiting
2025/04/11 22:48:57 [notice] 30#30: exiting
2025/04/11 22:48:57 [notice] 33#33: exiting
2025/04/11 22:48:57 [notice] 32#32: exit
2025/04/11 22:48:57 [notice] 35#35: exit
2025/04/11 22:48:57 [notice] 31#31: exit
2025/04/11 22:48:57 [notice] 36#36: gracefully shutting down
2025/04/11 22:48:57 [notice] 33#33: exit
2025/04/11 22:48:57 [notice] 30#30: exit
2025/04/11 22:48:57 [notice] 36#36: exiting
2025/04/11 22:48:57 [notice] 36#36: exit
2025/04/11 22:48:57 [notice] 37#37: gracefully shutting down
2025/04/11 22:48:57 [notice] 37#37: exiting
2025/04/11 22:48:57 [notice] 37#37: exit
2025/04/11 22:48:57 [notice] 34#34: gracefully shutting down
2025/04/11 22:48:57 [notice] 34#34: exiting
2025/04/11 22:48:57 [notice] 34#34: exit
2025/04/11 22:48:57 [notice] 1#1: signal 17 (SIGCHLD) received from 33
2025/04/11 22:48:57 [notice] 1#1: worker process 33 exited with code 0
2025/04/11 22:48:57 [notice] 1#1: signal 29 (SIGIO) received
2025/04/11 22:48:57 [notice] 1#1: signal 17 (SIGCHLD) received from 32
2025/04/11 22:48:57 [notice] 1#1: worker process 30 exited with code 0
2025/04/11 22:48:57 [notice] 1#1: worker process 32 exited with code 0
2025/04/11 22:48:57 [notice] 1#1: signal 29 (SIGIO) received
2025/04/11 22:48:57 [notice] 1#1: signal 17 (SIGCHLD) received from 30
2025/04/11 22:48:57 [notice] 1#1: signal 17 (SIGCHLD) received from 35
2025/04/11 22:48:57 [notice] 1#1: worker process 35 exited with code 0
2025/04/11 22:48:57 [notice] 1#1: signal 29 (SIGIO) received
2025/04/11 22:48:57 [notice] 1#1: signal 17 (SIGCHLD) received from 37
2025/04/11 22:48:57 [notice] 1#1: worker process 31 exited with code 0
2025/04/11 22:48:57 [notice] 1#1: worker process 36 exited with code 0
2025/04/11 22:48:57 [notice] 1#1: worker process 37 exited with code 0
2025/04/11 22:48:57 [notice] 1#1: signal 17 (SIGCHLD) received from 34
2025/04/11 22:48:57 [notice] 1#1: worker process 34 exited with code 0
2025/04/11 22:48:57 [notice] 1#1: exit
2025/04/11 22:49:08 [notice] 1#1: using the "epoll" event method
2025/04/11 22:49:08 [notice] 1#1: nginx/1.27.4
2025/04/11 22:49:08 [notice] 1#1: built by gcc 14.2.0 (Alpine 14.2.0) 
2025/04/11 22:49:08 [notice] 1#1: OS: Linux 6.8.0-57-generic
2025/04/11 22:49:08 [notice] 1#1: getrlimit(RLIMIT_NOFILE): 1048576:1048576
2025/04/11 22:49:08 [notice] 1#1: start worker processes
2025/04/11 22:49:08 [notice] 1#1: start worker process 30
2025/04/11 22:49:08 [notice] 1#1: start worker process 31
2025/04/11 22:49:08 [notice] 1#1: start worker process 32
2025/04/11 22:49:08 [notice] 1#1: start worker process 33
2025/04/11 22:49:08 [notice] 1#1: start worker process 34
2025/04/11 22:49:08 [notice] 1#1: start worker process 35
2025/04/11 22:49:08 [notice] 1#1: start worker process 36
2025/04/11 22:49:08 [notice] 1#1: start worker process 37
2025/04/12 20:36:16 [notice] 1#1: using the "epoll" event method
2025/04/12 20:36:16 [notice] 1#1: nginx/1.27.4
2025/04/12 20:36:16 [notice] 1#1: built by gcc 14.2.0 (Alpine 14.2.0) 
2025/04/12 20:36:16 [notice] 1#1: OS: Linux 5.15.167.4-microsoft-standard-WSL2
2025/04/12 20:36:16 [notice] 1#1: getrlimit(RLIMIT_NOFILE): 1048576:1048576
2025/04/12 20:36:16 [notice] 1#1: start worker processes
2025/04/12 20:36:16 [notice] 1#1: start worker process 30
2025/04/12 20:36:16 [notice] 1#1: start worker process 31
2025/04/12 20:36:16 [notice] 1#1: start worker process 32
2025/04/12 20:36:16 [notice] 1#1: start worker process 33
2025/04/12 20:36:16 [notice] 1#1: start worker process 34
2025/04/12 20:36:16 [notice] 1#1: start worker process 35
2025/04/12 20:36:16 [notice] 1#1: start worker process 36
2025/04/12 20:36:16 [notice] 1#1: start worker process 37
2025/04/12 20:38:21 [notice] 1#1: signal 3 (SIGQUIT) received, shutting down
2025/04/12 20:38:21 [notice] 30#30: gracefully shutting down
2025/04/12 20:38:21 [notice] 34#34: gracefully shutting down
2025/04/12 20:38:21 [notice] 33#33: gracefully shutting down
2025/04/12 20:38:21 [notice] 31#31: gracefully shutting down
2025/04/12 20:38:21 [notice] 37#37: gracefully shutting down
2025/04/12 20:38:21 [notice] 36#36: gracefully shutting down
2025/04/12 20:38:21 [notice] 32#32: gracefully shutting down
2025/04/12 20:38:21 [notice] 35#35: gracefully shutting down
2025/04/12 20:38:21 [notice] 30#30: exiting
2025/04/12 20:38:21 [notice] 33#33: exiting
2025/04/12 20:38:21 [notice] 34#34: exiting
2025/04/12 20:38:21 [notice] 31#31: exiting
2025/04/12 20:38:21 [notice] 37#37: exiting
2025/04/12 20:38:21 [notice] 36#36: exiting
2025/04/12 20:38:21 [notice] 32#32: exiting
2025/04/12 20:38:21 [notice] 35#35: exiting
2025/04/12 20:38:21 [notice] 32#32: exit
2025/04/12 20:38:21 [notice] 30#30: exit
2025/04/12 20:38:21 [notice] 33#33: exit
2025/04/12 20:38:21 [notice] 34#34: exit
2025/04/12 20:38:21 [notice] 31#31: exit
2025/04/12 20:38:21 [notice] 37#37: exit
2025/04/12 20:38:21 [notice] 36#36: exit
2025/04/12 20:38:21 [notice] 35#35: exit
2025/04/12 20:38:21 [notice] 1#1: signal 17 (SIGCHLD) received from 32
2025/04/12 20:38:21 [notice] 1#1: worker process 30 exited with code 0
2025/04/12 20:38:21 [notice] 1#1: worker process 32 exited with code 0
2025/04/12 20:38:21 [notice] 1#1: worker process 34 exited with code 0
2025/04/12 20:38:21 [notice] 1#1: worker process 35 exited with code 0
2025/04/12 20:38:21 [notice] 1#1: worker process 36 exited with code 0
2025/04/12 20:38:21 [notice] 1#1: worker process 37 exited with code 0
2025/04/12 20:38:21 [notice] 1#1: signal 29 (SIGIO) received
2025/04/12 20:38:21 [notice] 1#1: signal 17 (SIGCHLD) received from 31
2025/04/12 20:38:21 [notice] 1#1: worker process 31 exited with code 0
2025/04/12 20:38:21 [notice] 1#1: worker process 33 exited with code 0
2025/04/12 20:38:21 [notice] 1#1: exit
2025/04/12 20:58:33 [notice] 1#1: using the "epoll" event method
2025/04/12 20:58:33 [notice] 1#1: nginx/1.27.4
2025/04/12 20:58:33 [notice] 1#1: built by gcc 14.2.0 (Alpine 14.2.0) 
2025/04/12 20:58:33 [notice] 1#1: OS: Linux 5.15.167.4-microsoft-standard-WSL2
2025/04/12 20:58:33 [notice] 1#1: getrlimit(RLIMIT_NOFILE): 1048576:1048576
2025/04/12 20:58:33 [notice] 1#1: start worker processes
2025/04/12 20:58:33 [notice] 1#1: start worker process 23
2025/04/12 20:58:33 [notice] 1#1: start worker process 24
2025/04/12 20:58:33 [notice] 1#1: start worker process 25
2025/04/12 20:58:33 [notice] 1#1: start worker process 26
2025/04/12 20:58:33 [notice] 1#1: start worker process 27
2025/04/12 20:58:33 [notice] 1#1: start worker process 28
2025/04/12 20:58:33 [notice] 1#1: start worker process 29
2025/04/12 20:58:33 [notice] 1#1: start worker process 30
2025/04/12 20:59:32 [notice] 1#1: signal 3 (SIGQUIT) received, shutting down
2025/04/12 20:59:32 [notice] 25#25: gracefully shutting down
2025/04/12 20:59:32 [notice] 25#25: exiting
2025/04/12 20:59:32 [notice] 26#26: gracefully shutting down
2025/04/12 20:59:32 [notice] 23#23: gracefully shutting down
2025/04/12 20:59:32 [notice] 29#29: gracefully shutting down
2025/04/12 20:59:32 [notice] 30#30: gracefully shutting down
2025/04/12 20:59:32 [notice] 24#24: gracefully shutting down
2025/04/12 20:59:32 [notice] 28#28: gracefully shutting down
2025/04/12 20:59:32 [notice] 27#27: gracefully shutting down
2025/04/12 20:59:32 [notice] 25#25: exit
2025/04/12 20:59:32 [notice] 26#26: exiting
2025/04/12 20:59:32 [notice] 26#26: exit
2025/04/12 20:59:32 [notice] 23#23: exiting
2025/04/12 20:59:32 [notice] 29#29: exiting
2025/04/12 20:59:32 [notice] 23#23: exit
2025/04/12 20:59:32 [notice] 30#30: exiting
2025/04/12 20:59:32 [notice] 24#24: exiting
2025/04/12 20:59:32 [notice] 28#28: exiting
2025/04/12 20:59:32 [notice] 24#24: exit
2025/04/12 20:59:32 [notice] 27#27: exiting
2025/04/12 20:59:32 [notice] 29#29: exit
2025/04/12 20:59:32 [notice] 27#27: exit
2025/04/12 20:59:32 [notice] 30#30: exit
2025/04/12 20:59:32 [notice] 28#28: exit
2025/04/12 20:59:32 [notice] 1#1: signal 17 (SIGCHLD) received from 24
2025/04/12 20:59:32 [notice] 1#1: worker process 23 exited with code 0
2025/04/12 20:59:32 [notice] 1#1: worker process 24 exited with code 0
2025/04/12 20:59:32 [notice] 1#1: worker process 26 exited with code 0
2025/04/12 20:59:32 [notice] 1#1: worker process 28 exited with code 0
2025/04/12 20:59:32 [notice] 1#1: worker process 29 exited with code 0
2025/04/12 20:59:32 [notice] 1#1: worker process 30 exited with code 0
2025/04/12 20:59:32 [notice] 1#1: signal 29 (SIGIO) received
2025/04/12 20:59:32 [notice] 1#1: signal 17 (SIGCHLD) received from 28
2025/04/12 20:59:32 [notice] 1#1: signal 17 (SIGCHLD) received from 27
2025/04/12 20:59:32 [notice] 1#1: worker process 25 exited with code 0
2025/04/12 20:59:32 [notice] 1#1: worker process 27 exited with code 0
2025/04/12 20:59:32 [notice] 1#1: exit
2025/04/12 21:02:50 [notice] 1#1: using the "epoll" event method
2025/04/12 21:02:50 [notice] 1#1: nginx/1.27.4
2025/04/12 21:02:50 [notice] 1#1: built by gcc 14.2.0 (Alpine 14.2.0) 
2025/04/12 21:02:50 [notice] 1#1: OS: Linux 5.15.167.4-microsoft-standard-WSL2
2025/04/12 21:02:50 [notice] 1#1: getrlimit(RLIMIT_NOFILE): 1048576:1048576
2025/04/12 21:02:50 [notice] 1#1: start worker processes
2025/04/12 21:02:50 [notice] 1#1: start worker process 22
2025/04/12 21:02:50 [notice] 1#1: start worker process 23
2025/04/12 21:02:50 [notice] 1#1: start worker process 24
2025/04/12 21:02:50 [notice] 1#1: start worker process 25
2025/04/12 21:02:50 [notice] 1#1: start worker process 26
2025/04/12 21:02:50 [notice] 1#1: start worker process 27
2025/04/12 21:02:50 [notice] 1#1: start worker process 28
2025/04/12 21:02:50 [notice] 1#1: start worker process 29
2025/04/12 21:05:57 [notice] 1#1: signal 3 (SIGQUIT) received, shutting down
2025/04/12 21:05:57 [notice] 24#24: gracefully shutting down
2025/04/12 21:05:57 [notice] 22#22: gracefully shutting down
2025/04/12 21:05:57 [notice] 26#26: gracefully shutting down
2025/04/12 21:05:57 [notice] 28#28: gracefully shutting down
2025/04/12 21:05:57 [notice] 23#23: gracefully shutting down
2025/04/12 21:05:57 [notice] 23#23: exiting
2025/04/12 21:05:57 [notice] 27#27: gracefully shutting down
2025/04/12 21:05:57 [notice] 27#27: exiting
2025/04/12 21:05:57 [notice] 25#25: gracefully shutting down
2025/04/12 21:05:57 [notice] 24#24: exiting
2025/04/12 21:05:57 [notice] 24#24: exit
2025/04/12 21:05:57 [notice] 29#29: gracefully shutting down
2025/04/12 21:05:57 [notice] 22#22: exiting
2025/04/12 21:05:57 [notice] 22#22: exit
2025/04/12 21:05:57 [notice] 26#26: exiting
2025/04/12 21:05:57 [notice] 28#28: exiting
2025/04/12 21:05:57 [notice] 23#23: exit
2025/04/12 21:05:57 [notice] 27#27: exit
2025/04/12 21:05:57 [notice] 25#25: exiting
2025/04/12 21:05:57 [notice] 29#29: exiting
2025/04/12 21:05:57 [notice] 26#26: exit
2025/04/12 21:05:57 [notice] 29#29: exit
2025/04/12 21:05:57 [notice] 28#28: exit
2025/04/12 21:05:57 [notice] 25#25: exit
2025/04/12 21:05:57 [notice] 1#1: signal 17 (SIGCHLD) received from 28
2025/04/12 21:05:57 [notice] 1#1: worker process 23 exited with code 0
2025/04/12 21:05:57 [notice] 1#1: worker process 24 exited with code 0
2025/04/12 21:05:57 [notice] 1#1: worker process 28 exited with code 0
2025/04/12 21:05:57 [notice] 1#1: signal 29 (SIGIO) received
2025/04/12 21:05:57 [notice] 1#1: signal 17 (SIGCHLD) received from 25
2025/04/12 21:05:57 [notice] 1#1: worker process 25 exited with code 0
2025/04/12 21:05:57 [notice] 1#1: worker process 27 exited with code 0
2025/04/12 21:05:57 [notice] 1#1: worker process 22 exited with code 0
2025/04/12 21:05:57 [notice] 1#1: worker process 29 exited with code 0
2025/04/12 21:05:57 [notice] 1#1: signal 29 (SIGIO) received
2025/04/12 21:05:57 [notice] 1#1: signal 17 (SIGCHLD) received from 29
2025/04/12 21:05:57 [notice] 1#1: signal 17 (SIGCHLD) received from 26
2025/04/12 21:05:57 [notice] 1#1: worker process 26 exited with code 0
2025/04/12 21:05:57 [notice] 1#1: exit
2025/04/12 21:06:23 [notice] 1#1: using the "epoll" event method
2025/04/12 21:06:23 [notice] 1#1: nginx/1.27.4
2025/04/12 21:06:23 [notice] 1#1: built by gcc 14.2.0 (Alpine 14.2.0) 
2025/04/12 21:06:23 [notice] 1#1: OS: Linux 5.15.167.4-microsoft-standard-WSL2
2025/04/12 21:06:23 [notice] 1#1: getrlimit(RLIMIT_NOFILE): 1048576:1048576
2025/04/12 21:06:23 [notice] 1#1: start worker processes
2025/04/12 21:06:23 [notice] 1#1: start worker process 30
2025/04/12 21:06:23 [notice] 1#1: start worker process 31
2025/04/12 21:06:23 [notice] 1#1: start worker process 32
2025/04/12 21:06:23 [notice] 1#1: start worker process 33
2025/04/12 21:06:23 [notice] 1#1: start worker process 34
2025/04/12 21:06:23 [notice] 1#1: start worker process 35
2025/04/12 21:06:23 [notice] 1#1: start worker process 36
2025/04/12 21:06:23 [notice] 1#1: start worker process 37
2025/04/12 21:11:11 [notice] 1#1: signal 3 (SIGQUIT) received, shutting down
2025/04/12 21:11:11 [notice] 30#30: gracefully shutting down
2025/04/12 21:11:11 [notice] 31#31: gracefully shutting down
2025/04/12 21:11:11 [notice] 35#35: gracefully shutting down
2025/04/12 21:11:11 [notice] 32#32: gracefully shutting down
2025/04/12 21:11:11 [notice] 36#36: gracefully shutting down
2025/04/12 21:11:11 [notice] 33#33: gracefully shutting down
2025/04/12 21:11:11 [notice] 37#37: gracefully shutting down
2025/04/12 21:11:11 [notice] 34#34: gracefully shutting down
2025/04/12 21:11:11 [notice] 30#30: exiting
2025/04/12 21:11:11 [notice] 31#31: exiting
2025/04/12 21:11:11 [notice] 30#30: exit
2025/04/12 21:11:11 [notice] 35#35: exiting
2025/04/12 21:11:11 [notice] 32#32: exiting
2025/04/12 21:11:11 [notice] 36#36: exiting
2025/04/12 21:11:11 [notice] 33#33: exiting
2025/04/12 21:11:11 [notice] 37#37: exiting
2025/04/12 21:11:11 [notice] 34#34: exiting
2025/04/12 21:11:11 [notice] 31#31: exit
2025/04/12 21:11:11 [notice] 35#35: exit
2025/04/12 21:11:11 [notice] 32#32: exit
2025/04/12 21:11:11 [notice] 36#36: exit
2025/04/12 21:11:11 [notice] 33#33: exit
2025/04/12 21:11:11 [notice] 37#37: exit
2025/04/12 21:11:11 [notice] 34#34: exit
2025/04/12 21:11:11 [notice] 1#1: signal 17 (SIGCHLD) received from 30
2025/04/12 21:11:11 [notice] 1#1: worker process 30 exited with code 0
2025/04/12 21:11:11 [notice] 1#1: worker process 33 exited with code 0
2025/04/12 21:11:11 [notice] 1#1: worker process 37 exited with code 0
2025/04/12 21:11:11 [notice] 1#1: signal 29 (SIGIO) received
2025/04/12 21:11:11 [notice] 1#1: signal 17 (SIGCHLD) received from 37
2025/04/12 21:11:11 [notice] 1#1: signal 17 (SIGCHLD) received from 32
2025/04/12 21:11:11 [notice] 1#1: worker process 31 exited with code 0
2025/04/12 21:11:11 [notice] 1#1: worker process 32 exited with code 0
2025/04/12 21:11:11 [notice] 1#1: worker process 34 exited with code 0
2025/04/12 21:11:11 [notice] 1#1: worker process 35 exited with code 0
2025/04/12 21:11:11 [notice] 1#1: worker process 36 exited with code 0
2025/04/12 21:11:11 [notice] 1#1: exit
2025/04/13 18:02:44 [notice] 1#1: using the "epoll" event method
2025/04/13 18:02:44 [notice] 1#1: nginx/1.27.4
2025/04/13 18:02:44 [notice] 1#1: built by gcc 14.2.0 (Alpine 14.2.0) 
2025/04/13 18:02:44 [notice] 1#1: OS: Linux 5.15.167.4-microsoft-standard-WSL2
2025/04/13 18:02:44 [notice] 1#1: getrlimit(RLIMIT_NOFILE): 1048576:1048576
2025/04/13 18:02:44 [notice] 1#1: start worker processes
2025/04/13 18:02:44 [notice] 1#1: start worker process 23
2025/04/13 18:02:44 [notice] 1#1: start worker process 24
2025/04/13 18:02:44 [notice] 1#1: start worker process 25
2025/04/13 18:02:44 [notice] 1#1: start worker process 26
2025/04/13 18:02:44 [notice] 1#1: start worker process 27
2025/04/13 18:02:44 [notice] 1#1: start worker process 28
2025/04/13 18:02:44 [notice] 1#1: start worker process 29
2025/04/13 18:02:44 [notice] 1#1: start worker process 30
2025/04/13 18:12:45 [notice] 1#1: signal 3 (SIGQUIT) received, shutting down
2025/04/13 18:12:45 [notice] 24#24: gracefully shutting down
2025/04/13 18:12:45 [notice] 28#28: gracefully shutting down
2025/04/13 18:12:45 [notice] 23#23: gracefully shutting down
2025/04/13 18:12:45 [notice] 25#25: gracefully shutting down
2025/04/13 18:12:45 [notice] 26#26: gracefully shutting down
2025/04/13 18:12:45 [notice] 29#29: gracefully shutting down
2025/04/13 18:12:45 [notice] 27#27: gracefully shutting down
2025/04/13 18:12:45 [notice] 30#30: gracefully shutting down
2025/04/13 18:12:45 [notice] 27#27: exiting
2025/04/13 18:12:45 [notice] 24#24: exiting
2025/04/13 18:12:45 [notice] 28#28: exiting
2025/04/13 18:12:45 [notice] 23#23: exiting
2025/04/13 18:12:45 [notice] 25#25: exiting
2025/04/13 18:12:45 [notice] 26#26: exiting
2025/04/13 18:12:45 [notice] 29#29: exiting
2025/04/13 18:12:45 [notice] 30#30: exiting
2025/04/13 18:12:45 [notice] 24#24: exit
2025/04/13 18:12:45 [notice] 27#27: exit
2025/04/13 18:12:45 [notice] 28#28: exit
2025/04/13 18:12:45 [notice] 23#23: exit
2025/04/13 18:12:45 [notice] 25#25: exit
2025/04/13 18:12:45 [notice] 26#26: exit
2025/04/13 18:12:45 [notice] 29#29: exit
2025/04/13 18:12:45 [notice] 30#30: exit
2025/04/13 18:12:45 [notice] 1#1: signal 17 (SIGCHLD) received from 30
2025/04/13 18:12:45 [notice] 1#1: worker process 26 exited with code 0
2025/04/13 18:12:45 [notice] 1#1: worker process 27 exited with code 0
2025/04/13 18:12:45 [notice] 1#1: worker process 23 exited with code 0
2025/04/13 18:12:45 [notice] 1#1: worker process 24 exited with code 0
2025/04/13 18:12:45 [notice] 1#1: worker process 25 exited with code 0
2025/04/13 18:12:45 [notice] 1#1: worker process 28 exited with code 0
2025/04/13 18:12:45 [notice] 1#1: worker process 29 exited with code 0
2025/04/13 18:12:45 [notice] 1#1: worker process 30 exited with code 0
2025/04/13 18:12:45 [notice] 1#1: exit
2025/04/13 18:14:06 [notice] 1#1: using the "epoll" event method
2025/04/13 18:14:06 [notice] 1#1: nginx/1.27.4
2025/04/13 18:14:06 [notice] 1#1: built by gcc 14.2.0 (Alpine 14.2.0) 
2025/04/13 18:14:06 [notice] 1#1: OS: Linux 5.15.167.4-microsoft-standard-WSL2
2025/04/13 18:14:06 [notice] 1#1: getrlimit(RLIMIT_NOFILE): 1048576:1048576
2025/04/13 18:14:06 [notice] 1#1: start worker processes
2025/04/13 18:14:06 [notice] 1#1: start worker process 22
2025/04/13 18:14:06 [notice] 1#1: start worker process 23
2025/04/13 18:14:06 [notice] 1#1: start worker process 24
2025/04/13 18:14:06 [notice] 1#1: start worker process 25
2025/04/13 18:14:06 [notice] 1#1: start worker process 26
2025/04/13 18:14:06 [notice] 1#1: start worker process 27
2025/04/13 18:14:06 [notice] 1#1: start worker process 28
2025/04/13 18:14:06 [notice] 1#1: start worker process 29
